2023-05-02 14:58:51.257 [main] DEBUG org.example.Main - We've just greeted the user!
2023-05-02 14:58:51.264 [main] INFO  org.example.Main - We've just greeted the user!
2023-05-02 14:58:51.265 [main] WARN  org.example.Main - We've just greeted the user!
2023-05-02 14:58:51.265 [main] ERROR org.example.Main - We've just greeted the user!
2023-05-02 14:58:51.265 [main] FATAL org.example.Main - We've just greeted the user!
2023-05-02 14:59:19.436 [main] DEBUG org.example.Main - We've just greeted the user!
2023-05-02 14:59:19.443 [main] INFO  org.example.Main - We've just greeted the user!
2023-05-02 14:59:19.443 [main] WARN  org.example.Main - We've just greeted the user!
2023-05-02 14:59:19.444 [main] ERROR org.example.Main - We've just greeted the user!
2023-05-02 14:59:19.444 [main] FATAL org.example.Main - We've just greeted the user!
2023-05-02 15:00:25.656 [main] DEBUG org.example.Main - We've just greeted the user!
2023-05-02 15:00:25.661 [main] INFO  org.example.Main - We've just greeted the user!
2023-05-02 15:00:25.662 [main] WARN  org.example.Main - We've just greeted the user!
2023-05-02 15:00:25.662 [main] ERROR org.example.Main - We've just greeted the user!
2023-05-02 15:00:25.662 [main] FATAL org.example.Main - We've just greeted the user!
2023-05-02 15:01:59.514 [main] DEBUG org.example.Main - We've just greeted the user!
2023-05-02 15:01:59.522 [main] INFO  org.example.Main - We've just greeted the user!
2023-05-02 15:01:59.523 [main] WARN  org.example.Main - We've just greeted the user!
2023-05-02 15:01:59.523 [main] ERROR org.example.Main - We've just greeted the user!
2023-05-02 15:01:59.523 [main] FATAL org.example.Main - We've just greeted the user!
